[22:25:47:046] [INFO] [logStarting] - org.springframework.boot.StartupInfoLogger.logStarting(StartupInfoLogger.java:55) - Starting YinghuApplication on DESKTOP-G6MCSIN with PID 17360 (D:\后端项目\netty\netty_work\target\classes started by whz in D:\后端项目\netty\netty_work)
[22:25:47:070] [INFO] [logStartupProfileInfo] - org.springframework.boot.SpringApplication.logStartupProfileInfo(SpringApplication.java:651) - No active profile set, falling back to default profiles: default
[22:25:47:160] [WARN] [warn] - org.springframework.core.log.CompositeLog.warn(CompositeLog.java:127) - For Jackson Kotlin classes support please add "com.fasterxml.jackson.module:jackson-module-kotlin" to the classpath
[22:25:48:164] [INFO] [multipleStoresDetected] - org.springframework.data.repository.config.RepositoryConfigurationDelegate.multipleStoresDetected(RepositoryConfigurationDelegate.java:249) - Multiple Spring Data modules found, entering strict repository configuration mode!
[22:25:48:166] [INFO] [registerRepositoriesIn] - org.springframework.data.repository.config.RepositoryConfigurationDelegate.registerRepositoriesIn(RepositoryConfigurationDelegate.java:127) - Bootstrapping Spring Data Redis repositories in DEFAULT mode.
[22:25:48:229] [INFO] [registerRepositoriesIn] - org.springframework.data.repository.config.RepositoryConfigurationDelegate.registerRepositoriesIn(RepositoryConfigurationDelegate.java:187) - Finished Spring Data repository scanning in 40ms. Found 0 Redis repository interfaces.
[22:25:48:418] [WARN] [warn] - org.mybatis.logging.Logger.warn(Logger.java:44) - No MyBatis mapper was found in '[com.yinghu.yinghu]' package. Please check your configuration.
[22:25:48:952] [INFO] [initialize] - org.springframework.boot.web.embedded.tomcat.TomcatWebServer.initialize(TomcatWebServer.java:108) - Tomcat initialized with port(s): 8080 (http)
[22:25:48:962] [INFO] [log] - org.apache.juli.logging.DirectJDKLog.log(DirectJDKLog.java:173) - Initializing ProtocolHandler ["http-nio-8080"]
[22:25:48:965] [INFO] [log] - org.apache.juli.logging.DirectJDKLog.log(DirectJDKLog.java:173) - Starting service [Tomcat]
[22:25:48:965] [INFO] [log] - org.apache.juli.logging.DirectJDKLog.log(DirectJDKLog.java:173) - Starting Servlet engine: [Apache Tomcat/9.0.37]
[22:25:49:099] [INFO] [log] - org.apache.juli.logging.DirectJDKLog.log(DirectJDKLog.java:173) - Initializing Spring embedded WebApplicationContext
[22:25:49:099] [INFO] [prepareWebApplicationContext] - org.springframework.boot.web.servlet.context.ServletWebServerApplicationContext.prepareWebApplicationContext(ServletWebServerApplicationContext.java:285) - Root WebApplicationContext: initialization completed in 1935 ms
[22:25:50:332] [WARN] [refresh] - org.springframework.context.support.AbstractApplicationContext.refresh(AbstractApplicationContext.java:559) - Exception encountered during context initialization - cancelling refresh attempt: org.springframework.beans.factory.UnsatisfiedDependencyException: Error creating bean with name 'scheduledTest': Unsatisfied dependency expressed through field 'restTemplate'; nested exception is org.springframework.beans.factory.NoSuchBeanDefinitionException: No qualifying bean of type 'org.springframework.web.client.RestTemplate' available: expected at least 1 bean which qualifies as autowire candidate. Dependency annotations: {@org.springframework.beans.factory.annotation.Autowired(required=true)}
[22:25:50:362] [INFO] [log] - org.apache.juli.logging.DirectJDKLog.log(DirectJDKLog.java:173) - Stopping service [Tomcat]
[22:25:50:389] [INFO] [logMessage] - org.springframework.boot.autoconfigure.logging.ConditionEvaluationReportLoggingListener.logMessage(ConditionEvaluationReportLoggingListener.java:136) - 

Error starting ApplicationContext. To display the conditions report re-run your application with 'debug' enabled.
[22:25:50:613] [ERROR] [report] - org.springframework.boot.diagnostics.LoggingFailureAnalysisReporter.report(LoggingFailureAnalysisReporter.java:40) - 

***************************
APPLICATION FAILED TO START
***************************

Description:

Field restTemplate in com.yinghu.yinghu.scheduled.ScheduledTest required a bean of type 'org.springframework.web.client.RestTemplate' that could not be found.

The injection point has the following annotations:
	- @org.springframework.beans.factory.annotation.Autowired(required=true)


Action:

Consider defining a bean of type 'org.springframework.web.client.RestTemplate' in your configuration.

